<?xml version="1.0" encoding="UTF-8"?>
<!-- Generated by org.testng.reporters.JUnitReportReporter -->
<testsuite hostname="DESKTOP-N6MAURJ" failures="0" tests="4" name="testCases_Vedantu.TC_ClassDropDown" time="15.045" errors="0" timestamp="2023-05-15T19:49:19 CEST" skipped="0">
  <testcase classname="testCases_Vedantu.TC_ClassDropDown" name="validatingLKG" time="3.076"/>
  <system-out/>
  <testcase classname="testCases_Vedantu.TC_ClassDropDown" name="validatingUKG" time="3.959"/>
  <system-out/>
  <testcase classname="testCases_Vedantu.TC_ClassDropDown" name="validatingClass1" time="4.079"/>
  <system-out/>
  <testcase classname="testCases_Vedantu.TC_ClassDropDown" name="validatingClass8To10" time="3.931"/>
  <system-out/>
</testsuite> <!-- testCases_Vedantu.TC_ClassDropDown -->
