<?xml version="1.0" encoding="UTF-8"?>
<!-- Generated by org.testng.reporters.JUnitReportReporter -->
<testsuite hostname="DESKTOP-N6MAURJ" failures="0" tests="1" name="testCases_Vedantu.TC_MobField" time="2.285" errors="0" timestamp="2023-05-17T14:32:28 CEST" skipped="0">
  <testcase classname="testCases_Vedantu.TC_MobField" name="validatingMobField" time="2.285"/>
  <system-out/>
</testsuite> <!-- testCases_Vedantu.TC_MobField -->
