<?xml version="1.0" encoding="UTF-8"?>
<!-- Generated by org.testng.reporters.JUnitReportReporter -->
<testsuite hostname="DESKTOP-N6MAURJ" failures="0" tests="1" name="testCases_Vedantu.TC_NameField" time="2.262" errors="0" timestamp="2023-05-15T20:11:02 CEST" skipped="0">
  <testcase classname="testCases_Vedantu.TC_NameField" name="validatingTextField" time="2.262"/>
  <system-out/>
</testsuite> <!-- testCases_Vedantu.TC_NameField -->
